# configure exec: ./configure 
# On Fri Dec 15 15:01:59 UTC 2017
DBG: ccenv: WITH_CC:  --version failed: mklove/modules/configure.base: line 1184: --version: command not found
DBG: Check ccenv (WITH_CC, action cont (originally cont)) failed: command ' --version' failed:
mklove/modules/configure.base: line 1184: --version: command not found
DBG: cxxenv: WITH_CXX:  --version failed: mklove/modules/configure.base: line 1184: --version: command not found
DBG: Check cxxenv (WITH_CXX, action cont (originally cont)) failed: command ' --version' failed:
mklove/modules/configure.base: line 1184: --version: command not found
DBG: Compile check PIC (HAVE_PIC): gcc  -g -O2 -Wall -Werror _mkltmpJtuv7s.c -o _mkltmpJtuv7s.c.o   -fPIC
DBG: Compile check gnulib (WITH_GNULD): gcc  -g -O2 -fPIC -Wall -Werror _mkltmpb7hGGb.c -o _mkltmpb7hGGb.c.o   -shared -Wl,-soname,mkltest.0
DBG: Compile check ldsflagvs (): gcc  -g -O2 -fPIC -Wall -Werror _mkltmpH2nzDz.c -o _mkltmpH2nzDz.c.o   -shared -Wl,--version-script=_mkltmpiad33A
DBG: Compile check __atomic_32 (HAVE_ATOMICS_32): gcc  -g -O2 -fPIC -Wall -Werror _mkltmpEZ5ykn.c -o _mkltmpEZ5ykn.c.o   
DBG: Compile check __atomic_64 (HAVE_ATOMICS_64): gcc  -g -O2 -fPIC -Wall -Werror _mkltmpnK5Ws3.c -o _mkltmpnK5Ws3.c.o   
DBG: Compile check socket (): gcc  -g -O2 -fPIC -Wall -Wsign-compare -Wfloat-equal -Wpointer-arith -Wcast-align -Wall -Werror _mkltmpMdg9gf.c -o _mkltmpMdg9gf.c.o   
DBG: pkg-config check libpthread (): pkg-config --short-errors --cflags libpthread
DBG: 'pkg-config --short-errors --cflags libpthread' failed: No package 'libpthread' found
DBG: Check libpthread_PKGCONFIG (, action cont (originally cont)) failed: 'pkg-config --short-errors --cflags libpthread' failed:
No package 'libpthread' found
DBG: Compile check libpthread (): gcc  -g -O2 -fPIC -Wall -Wsign-compare -Wfloat-equal -Wpointer-arith -Wcast-align -Wall -Werror _mkltmpWAZqCQ.c -o _mkltmpWAZqCQ.c.o   -lpthread
DBG: pkg-config check zlib (): pkg-config --short-errors --cflags zlib
DBG: pkg-config check libcrypto (): pkg-config --short-errors --cflags libcrypto
DBG: pkg-config check liblz4 (): pkg-config --short-errors --cflags liblz4
DBG: 'pkg-config --short-errors --cflags liblz4' failed: No package 'liblz4' found
DBG: Check liblz4_PKGCONFIG (, action cont (originally cont)) failed: 'pkg-config --short-errors --cflags liblz4' failed:
No package 'liblz4' found
DBG: Compile check liblz4 (WITH_LZ4_EXT): gcc  -g -O2 -fPIC -Wall -Wsign-compare -Wfloat-equal -Wpointer-arith -Wcast-align -Wall -Werror _mkltmpe7p4Hw.c -o _mkltmpe7p4Hw.c.o   -llz4
DBG: compile check for liblz4 (WITH_LZ4_EXT) failed: gcc  -g -O2 -fPIC -Wall -Wsign-compare -Wfloat-equal -Wpointer-arith -Wcast-align -Wall -Werror _mkltmpe7p4Hw.c -o _mkltmpe7p4Hw.c.o   -llz4: _mkltmpe7p4Hw.c:1:22: fatal error: lz4frame.h: No such file or directory
 #include <lz4frame.h>
                      ^
compilation terminated.
DBG: Check liblz4 (WITH_LZ4_EXT, action disable (originally disable)) failed: compile check failed:
CC: CC
flags: -llz4
gcc  -g -O2 -fPIC -Wall -Wsign-compare -Wfloat-equal -Wpointer-arith -Wcast-align -Wall -Werror _mkltmpe7p4Hw.c -o _mkltmpe7p4Hw.c.o   -llz4:
_mkltmpe7p4Hw.c:1:22: fatal error: lz4frame.h: No such file or directory
 #include <lz4frame.h>
                      ^
compilation terminated.
source: #include <lz4frame.h>
DBG: pkg-config check libssl (): pkg-config --short-errors --cflags libssl
DBG: pkg-config check libsasl2 (): pkg-config --short-errors --cflags libsasl2
DBG: 'pkg-config --short-errors --cflags libsasl2' failed: No package 'libsasl2' found
DBG: Check libsasl2_PKGCONFIG (, action cont (originally cont)) failed: 'pkg-config --short-errors --cflags libsasl2' failed:
No package 'libsasl2' found
DBG: Compile check libsasl2 (WITH_SASL_CYRUS): gcc  -g -O2 -fPIC -Wall -Wsign-compare -Wfloat-equal -Wpointer-arith -Wcast-align -Wall -Werror _mkltmpQcBifx.c -o _mkltmpQcBifx.c.o   -lsasl2
DBG: compile check for libsasl2 (WITH_SASL_CYRUS) failed: gcc  -g -O2 -fPIC -Wall -Wsign-compare -Wfloat-equal -Wpointer-arith -Wcast-align -Wall -Werror _mkltmpQcBifx.c -o _mkltmpQcBifx.c.o   -lsasl2: _mkltmpQcBifx.c:1:23: fatal error: sasl/sasl.h: No such file or directory
 #include <sasl/sasl.h>
                       ^
compilation terminated.
DBG: Check libsasl2 (WITH_SASL_CYRUS, action disable (originally disable)) failed: compile check failed:
CC: CC
flags: -lsasl2
gcc  -g -O2 -fPIC -Wall -Wsign-compare -Wfloat-equal -Wpointer-arith -Wcast-align -Wall -Werror _mkltmpQcBifx.c -o _mkltmpQcBifx.c.o   -lsasl2:
_mkltmpQcBifx.c:1:23: fatal error: sasl/sasl.h: No such file or directory
 #include <sasl/sasl.h>
                       ^
compilation terminated.
source: #include <sasl/sasl.h>
DBG: pkg-config check libsasl (): pkg-config --short-errors --cflags libsasl
DBG: 'pkg-config --short-errors --cflags libsasl' failed: No package 'libsasl' found
DBG: Check libsasl_PKGCONFIG (, action cont (originally cont)) failed: 'pkg-config --short-errors --cflags libsasl' failed:
No package 'libsasl' found
DBG: Compile check libsasl (WITH_SASL_CYRUS): gcc  -g -O2 -fPIC -Wall -Wsign-compare -Wfloat-equal -Wpointer-arith -Wcast-align -Wall -Werror _mkltmp2IJo2Y.c -o _mkltmp2IJo2Y.c.o   -lsasl
DBG: compile check for libsasl (WITH_SASL_CYRUS) failed: gcc  -g -O2 -fPIC -Wall -Wsign-compare -Wfloat-equal -Wpointer-arith -Wcast-align -Wall -Werror _mkltmp2IJo2Y.c -o _mkltmp2IJo2Y.c.o   -lsasl: _mkltmp2IJo2Y.c:1:23: fatal error: sasl/sasl.h: No such file or directory
 #include <sasl/sasl.h>
                       ^
compilation terminated.
DBG: Check libsasl (WITH_SASL_CYRUS, action disable (originally disable)) failed: compile check failed:
CC: CC
flags: -lsasl
gcc  -g -O2 -fPIC -Wall -Wsign-compare -Wfloat-equal -Wpointer-arith -Wcast-align -Wall -Werror _mkltmp2IJo2Y.c -o _mkltmp2IJo2Y.c.o   -lsasl:
_mkltmp2IJo2Y.c:1:23: fatal error: sasl/sasl.h: No such file or directory
 #include <sasl/sasl.h>
                       ^
compilation terminated.
source: #include <sasl/sasl.h>
DBG: Compile check crc32chw (WITH_CRC32C_HW): gcc  -g -O2 -fPIC -Wall -Wsign-compare -Wfloat-equal -Wpointer-arith -Wcast-align -Wall -Werror _mkltmpmCHlX8.c -o _mkltmpmCHlX8.c.o   
DBG: Compile check regex (HAVE_REGEX): gcc  -g -O2 -fPIC -Wall -Wsign-compare -Wfloat-equal -Wpointer-arith -Wcast-align -Wall -Werror _mkltmpEYXSp2.c -o _mkltmpEYXSp2.c.o   
DBG: pkg-config check librt (): pkg-config --short-errors --cflags librt
DBG: 'pkg-config --short-errors --cflags librt' failed: No package 'librt' found
DBG: Check librt_PKGCONFIG (, action cont (originally cont)) failed: 'pkg-config --short-errors --cflags librt' failed:
No package 'librt' found
DBG: Compile check librt (): gcc  -g -O2 -fPIC -Wall -Wsign-compare -Wfloat-equal -Wpointer-arith -Wcast-align -Wall -Werror _mkltmpeGsiPK.c -o _mkltmpeGsiPK.c.o   -lrt
DBG: Compile check strndup (HAVE_STRNDUP): gcc  -g -O2 -fPIC -Wall -Wsign-compare -Wfloat-equal -Wpointer-arith -Wcast-align -Wall -Werror _mkltmpy0xzyI.c -o _mkltmpy0xzyI.c.o   
DBG: Compile check strerror_r (HAVE_STRERROR_R): gcc  -g -O2 -fPIC -Wall -Wsign-compare -Wfloat-equal -Wpointer-arith -Wcast-align -Wall -Werror _mkltmpiRH0ol.c -o _mkltmpiRH0ol.c.o   
DBG: pkg-config check libdl (): pkg-config --short-errors --cflags libdl
DBG: 'pkg-config --short-errors --cflags libdl' failed: No package 'libdl' found
DBG: Check libdl_PKGCONFIG (, action cont (originally cont)) failed: 'pkg-config --short-errors --cflags libdl' failed:
No package 'libdl' found
DBG: Compile check libdl (WITH_LIBDL): gcc  -g -O2 -fPIC -Wall -Wsign-compare -Wfloat-equal -Wpointer-arith -Wcast-align -Wall -Werror _mkltmp4ewmc3.c -o _mkltmp4ewmc3.c.o   -ldl
